<?xml version="1.0" encoding="UTF-8"?>
<testng-results ignored="0" total="1" passed="1" failed="0" skipped="0">
  <reporter-output>
  </reporter-output>
  <suite started-at="2020-11-07T07:41:48 IST" name="Suite" finished-at="2020-11-07T07:41:55 IST" duration-ms="6884">
    <groups>
    </groups>
    <test started-at="2020-11-07T07:41:48 IST" name="TestCheck" finished-at="2020-11-07T07:41:55 IST" duration-ms="6884">
      <class name="com.testng.practice.AngularJsDemoExample">
        <test-method is-config="true" signature="setup()[pri:0, instance:com.testng.practice.AngularJsDemoExample@6a66a204]" started-at="2020-11-07T07:41:48 IST" name="setup" finished-at="2020-11-07T07:41:48 IST" duration-ms="5" status="PASS">
          <reporter-output>
          </reporter-output>
        </test-method> <!-- setup -->
        <test-method signature="test()[pri:0, instance:com.testng.practice.AngularJsDemoExample@6a66a204]" started-at="2020-11-07T07:41:48 IST" name="test" finished-at="2020-11-07T07:41:55 IST" duration-ms="6786" status="PASS">
          <reporter-output>
          </reporter-output>
        </test-method> <!-- test -->
        <test-method is-config="true" signature="tearDown()[pri:0, instance:com.testng.practice.AngularJsDemoExample@6a66a204]" started-at="2020-11-07T07:41:55 IST" name="tearDown" finished-at="2020-11-07T07:41:55 IST" duration-ms="67" status="PASS">
          <reporter-output>
          </reporter-output>
        </test-method> <!-- tearDown -->
      </class> <!-- com.testng.practice.AngularJsDemoExample -->
    </test> <!-- TestCheck -->
  </suite> <!-- Suite -->
</testng-results>
