<?xml version="1.0" encoding="UTF-8"?>
<testng-results ignored="0" total="1" passed="1" failed="0" skipped="0">
  <reporter-output>
  </reporter-output>
  <suite started-at="2020-11-09T10:41:57 IST" name="Default suite" finished-at="2020-11-09T10:42:04 IST" duration-ms="6968">
    <groups>
    </groups>
    <test started-at="2020-11-09T10:41:57 IST" name="Default test" finished-at="2020-11-09T10:42:04 IST" duration-ms="6968">
      <class name="qamavenpractice.ExtendReports.ExtendReportSingleTest">
        <test-method is-config="true" signature="config()[pri:0, instance:qamavenpractice.ExtendReports.ExtendReportSingleTest@2892dae4]" started-at="2020-11-09T10:41:57 IST" name="config" finished-at="2020-11-09T10:41:57 IST" duration-ms="189" status="PASS">
          <reporter-output>
          </reporter-output>
        </test-method> <!-- config -->
        <test-method signature="test()[pri:0, instance:qamavenpractice.ExtendReports.ExtendReportSingleTest@2892dae4]" started-at="2020-11-09T10:41:57 IST" name="test" finished-at="2020-11-09T10:42:04 IST" duration-ms="6756" status="PASS">
          <reporter-output>
          </reporter-output>
        </test-method> <!-- test -->
      </class> <!-- qamavenpractice.ExtendReports.ExtendReportSingleTest -->
    </test> <!-- Default test -->
  </suite> <!-- Default suite -->
</testng-results>
