<?xml version="1.0" encoding="UTF-8"?>
<!-- Generated by org.testng.reporters.JUnitXMLReporter -->
<testsuite hostname="DESKTOP-BBJDODH" failures="0" tests="4" name="Default test" time="0.022" errors="0" timestamp="3 Nov 2020 06:14:22 GMT">
  <testcase classname="com.stream.tutorial.DemoTest" name="mapMethodUsage" time="0.007"/>
  <testcase classname="com.stream.tutorial.DemoTest" name="printAllNames" time="0.001"/>
  <testcase classname="com.stream.tutorial.DemoTest" name="printNamesUsingLength" time="0.002"/>
  <testcase classname="com.stream.tutorial.DemoTest" name="streamCreate" time="0.001"/>
</testsuite> <!-- Default test -->
