<?xml version="1.0" encoding="UTF-8"?>
<!-- Generated by org.testng.reporters.JUnitXMLReporter -->
<testsuite hostname="LokeshJammi-PC" ignored="0" name="Test" tests="3" failures="0" timestamp="2020-11-09T09:42:04 IST" time="0.033" errors="0">
  <testcase name="disableTest" time="0.002" classname="qamavenpractice.MavenJava.DemoExampleTwoTest"/>
  <testcase name="testFour" time="0.0" classname="qamavenpractice.MavenJava.DemoExampleTwoTest"/>
  <testcase name="testThree" time="0.0" classname="qamavenpractice.MavenJava.DemoExampleTwoTest"/>
</testsuite> <!-- Test -->
