<?xml version="1.0" encoding="UTF-8"?>
<testng-results total="4" passed="4" failed="0" skipped="0">
  <reporter-output>
  </reporter-output>
  <suite started-at="2020-11-03T06:14:22Z" name="Default suite" finished-at="2020-11-03T06:14:22Z" duration-ms="22">
    <groups>
    </groups>
    <test started-at="2020-11-03T06:14:22Z" name="Default test" finished-at="2020-11-03T06:14:22Z" duration-ms="22">
      <class name="com.stream.tutorial.DemoTest">
        <test-method signature="mapMethodUsage()[pri:0, instance:com.stream.tutorial.DemoTest@404bbcbd]" started-at="2020-11-03T11:44:22Z" name="mapMethodUsage" finished-at="2020-11-03T11:44:22Z" duration-ms="7" status="PASS">
          <reporter-output>
          </reporter-output>
        </test-method> <!-- mapMethodUsage -->
        <test-method signature="printAllNames()[pri:0, instance:com.stream.tutorial.DemoTest@404bbcbd]" started-at="2020-11-03T11:44:22Z" name="printAllNames" finished-at="2020-11-03T11:44:22Z" duration-ms="1" status="PASS">
          <reporter-output>
          </reporter-output>
        </test-method> <!-- printAllNames -->
        <test-method signature="printNamesUsingLength()[pri:0, instance:com.stream.tutorial.DemoTest@404bbcbd]" started-at="2020-11-03T11:44:22Z" name="printNamesUsingLength" finished-at="2020-11-03T11:44:22Z" duration-ms="2" status="PASS">
          <reporter-output>
          </reporter-output>
        </test-method> <!-- printNamesUsingLength -->
        <test-method signature="streamCreate()[pri:0, instance:com.stream.tutorial.DemoTest@404bbcbd]" started-at="2020-11-03T11:44:22Z" name="streamCreate" finished-at="2020-11-03T11:44:22Z" duration-ms="1" status="PASS">
          <reporter-output>
          </reporter-output>
        </test-method> <!-- streamCreate -->
      </class> <!-- com.stream.tutorial.DemoTest -->
    </test> <!-- Default test -->
  </suite> <!-- Default suite -->
</testng-results>
