<?xml version="1.0" encoding="UTF-8"?>
<!-- Generated by org.testng.reporters.JUnitXMLReporter -->
<testsuite ignored="0" hostname="LokeshJammi-PC" failures="0" tests="2" name="Default test" time="14.115" errors="0" timestamp="2020-11-08T19:24:31 IST">
  <testcase classname="qamavenpractice.MavenJava.LoginDataProvider" name="test" time="14.039"/>
  <testcase classname="qamavenpractice.MavenJava.LoginDataProvider" name="enterData" time="0.0">
    <skipped/>
  </testcase> <!-- enterData -->
</testsuite> <!-- Default test -->
